{"total": {"lines":{"total":262,"covered":203,"skipped":0,"pct":77.48},"statements":{"total":302,"covered":237,"skipped":0,"pct":78.47},"functions":{"total":47,"covered":32,"skipped":0,"pct":68.08},"branches":{"total":29,"covered":10,"skipped":0,"pct":34.48},"branchesTrue":{"total":0,"covered":0,"skipped":0,"pct":100}}
,"C:\\Developer\\Andela\\my-brand-backend\\src\\index.ts": {"lines":{"total":24,"covered":21,"skipped":0,"pct":87.5},"functions":{"total":3,"covered":1,"skipped":0,"pct":33.33},"statements":{"total":24,"covered":21,"skipped":0,"pct":87.5},"branches":{"total":0,"covered":0,"skipped":0,"pct":100}}
,"C:\\Developer\\Andela\\my-brand-backend\\src\\configs\\index.ts": {"lines":{"total":3,"covered":3,"skipped":0,"pct":100},"functions":{"total":0,"covered":0,"skipped":0,"pct":100},"statements":{"total":3,"covered":3,"skipped":0,"pct":100},"branches":{"total":2,"covered":2,"skipped":0,"pct":100}}
,"C:\\Developer\\Andela\\my-brand-backend\\src\\controllers\\adminController.ts": {"lines":{"total":32,"covered":22,"skipped":0,"pct":68.75},"functions":{"total":6,"covered":6,"skipped":0,"pct":100},"statements":{"total":38,"covered":28,"skipped":0,"pct":73.68},"branches":{"total":4,"covered":1,"skipped":0,"pct":25}}
,"C:\\Developer\\Andela\\my-brand-backend\\src\\controllers\\blogController.ts": {"lines":{"total":80,"covered":61,"skipped":0,"pct":76.25},"functions":{"total":14,"covered":14,"skipped":0,"pct":100},"statements":{"total":96,"covered":76,"skipped":0,"pct":79.16},"branches":{"total":13,"covered":4,"skipped":0,"pct":30.76}}
,"C:\\Developer\\Andela\\my-brand-backend\\src\\models\\Admin.ts": {"lines":{"total":3,"covered":3,"skipped":0,"pct":100},"functions":{"total":0,"covered":0,"skipped":0,"pct":100},"statements":{"total":3,"covered":3,"skipped":0,"pct":100},"branches":{"total":0,"covered":0,"skipped":0,"pct":100}}
,"C:\\Developer\\Andela\\my-brand-backend\\src\\models\\Blog.ts": {"lines":{"total":3,"covered":3,"skipped":0,"pct":100},"functions":{"total":0,"covered":0,"skipped":0,"pct":100},"statements":{"total":3,"covered":3,"skipped":0,"pct":100},"branches":{"total":0,"covered":0,"skipped":0,"pct":100}}
,"C:\\Developer\\Andela\\my-brand-backend\\src\\models\\Comment.ts": {"lines":{"total":3,"covered":3,"skipped":0,"pct":100},"functions":{"total":0,"covered":0,"skipped":0,"pct":100},"statements":{"total":3,"covered":3,"skipped":0,"pct":100},"branches":{"total":0,"covered":0,"skipped":0,"pct":100}}
,"C:\\Developer\\Andela\\my-brand-backend\\src\\routes\\adminRoutes.ts": {"lines":{"total":10,"covered":10,"skipped":0,"pct":100},"functions":{"total":0,"covered":0,"skipped":0,"pct":100},"statements":{"total":10,"covered":10,"skipped":0,"pct":100},"branches":{"total":0,"covered":0,"skipped":0,"pct":100}}
,"C:\\Developer\\Andela\\my-brand-backend\\src\\routes\\blogRoutes.ts": {"lines":{"total":15,"covered":15,"skipped":0,"pct":100},"functions":{"total":0,"covered":0,"skipped":0,"pct":100},"statements":{"total":15,"covered":15,"skipped":0,"pct":100},"branches":{"total":0,"covered":0,"skipped":0,"pct":100}}
,"C:\\Developer\\Andela\\my-brand-backend\\src\\routes\\index.ts": {"lines":{"total":2,"covered":2,"skipped":0,"pct":100},"functions":{"total":0,"covered":0,"skipped":0,"pct":100},"statements":{"total":2,"covered":2,"skipped":0,"pct":100},"branches":{"total":0,"covered":0,"skipped":0,"pct":100}}
,"C:\\Developer\\Andela\\my-brand-backend\\src\\services\\Database.ts": {"lines":{"total":7,"covered":5,"skipped":0,"pct":71.42},"functions":{"total":4,"covered":3,"skipped":0,"pct":75},"statements":{"total":8,"covered":6,"skipped":0,"pct":75},"branches":{"total":0,"covered":0,"skipped":0,"pct":100}}
,"C:\\Developer\\Andela\\my-brand-backend\\src\\utility\\Authentication.ts": {"lines":{"total":11,"covered":6,"skipped":0,"pct":54.54},"functions":{"total":2,"covered":1,"skipped":0,"pct":50},"statements":{"total":13,"covered":8,"skipped":0,"pct":61.53},"branches":{"total":0,"covered":0,"skipped":0,"pct":100}}
,"C:\\Developer\\Andela\\my-brand-backend\\src\\utility\\VerifyToken.ts": {"lines":{"total":16,"covered":11,"skipped":0,"pct":68.75},"functions":{"total":2,"covered":2,"skipped":0,"pct":100},"statements":{"total":17,"covered":12,"skipped":0,"pct":70.58},"branches":{"total":6,"covered":3,"skipped":0,"pct":50}}
,"C:\\Developer\\Andela\\my-brand-backend\\src\\utility\\cloudinary.ts": {"lines":{"total":10,"covered":6,"skipped":0,"pct":60},"functions":{"total":2,"covered":0,"skipped":0,"pct":0},"statements":{"total":11,"covered":6,"skipped":0,"pct":54.54},"branches":{"total":0,"covered":0,"skipped":0,"pct":100}}
,"C:\\Developer\\Andela\\my-brand-backend\\src\\utility\\multer.ts": {"lines":{"total":5,"covered":4,"skipped":0,"pct":80},"functions":{"total":1,"covered":0,"skipped":0,"pct":0},"statements":{"total":5,"covered":4,"skipped":0,"pct":80},"branches":{"total":0,"covered":0,"skipped":0,"pct":100}}
,"C:\\Developer\\Andela\\my-brand-backend\\src\\utility\\passwordUtility.ts": {"lines":{"total":16,"covered":10,"skipped":0,"pct":62.5},"functions":{"total":9,"covered":2,"skipped":0,"pct":22.22},"statements":{"total":25,"covered":16,"skipped":0,"pct":64},"branches":{"total":0,"covered":0,"skipped":0,"pct":100}}
,"C:\\Developer\\Andela\\my-brand-backend\\src\\validations\\BlogValidation.ts": {"lines":{"total":15,"covered":12,"skipped":0,"pct":80},"functions":{"total":2,"covered":2,"skipped":0,"pct":100},"statements":{"total":17,"covered":14,"skipped":0,"pct":82.35},"branches":{"total":3,"covered":0,"skipped":0,"pct":0}}
,"C:\\Developer\\Andela\\my-brand-backend\\src\\validations\\adminValidations.ts": {"lines":{"total":7,"covered":6,"skipped":0,"pct":85.71},"functions":{"total":2,"covered":1,"skipped":0,"pct":50},"statements":{"total":9,"covered":7,"skipped":0,"pct":77.77},"branches":{"total":1,"covered":0,"skipped":0,"pct":0}}
}
