{"C:\\Developer\\Andela\\my-brand-backend\\src\\index.ts": {"path":"C:\\Developer\\Andela\\my-brand-backend\\src\\index.ts","statementMap":{"0":{"start":{"line":2,"column":0},"end":{"line":2,"column":47}},"1":{"start":{"line":3,"column":0},"end":{"line":3,"column":33}},"2":{"start":{"line":4,"column":0},"end":{"line":4,"column":80}},"3":{"start":{"line":5,"column":0},"end":{"line":5,"column":51}},"4":{"start":{"line":6,"column":0},"end":{"line":6,"column":24}},"5":{"start":{"line":7,"column":0},"end":{"line":7,"column":37}},"6":{"start":{"line":8,"column":0},"end":{"line":8,"column":43}},"7":{"start":{"line":9,"column":0},"end":{"line":9,"column":45}},"8":{"start":{"line":10,"column":13},"end":{"line":10,"column":29}},"9":{"start":{"line":12,"column":0},"end":{"line":12,"column":15}},"10":{"start":{"line":13,"column":0},"end":{"line":13,"column":24}},"11":{"start":{"line":14,"column":0},"end":{"line":14,"column":52}},"12":{"start":{"line":15,"column":0},"end":{"line":15,"column":27}},"13":{"start":{"line":16,"column":0},"end":{"line":16,"column":16}},"14":{"start":{"line":17,"column":0},"end":{"line":17,"column":null}},"15":{"start":{"line":18,"column":0},"end":{"line":18,"column":31}},"16":{"start":{"line":19,"column":0},"end":{"line":19,"column":72}},"17":{"start":{"line":21,"column":0},"end":{"line":24,"column":3}},"18":{"start":{"line":22,"column":4},"end":{"line":22,"column":29}},"19":{"start":{"line":23,"column":4},"end":{"line":23,"column":45}},"20":{"start":{"line":26,"column":0},"end":{"line":28,"column":3}},"21":{"start":{"line":27,"column":4},"end":{"line":27,"column":null}},"22":{"start":{"line":29,"column":13},"end":{"line":31,"column":3}},"23":{"start":{"line":30,"column":4},"end":{"line":30,"column":52}}},"fnMap":{"0":{"name":"(anonymous_1)","decl":{"start":{"line":21,"column":8},"end":{"line":21,"column":9}},"loc":{"start":{"line":21,"column":72},"end":{"line":24,"column":1}}},"1":{"name":"(anonymous_2)","decl":{"start":{"line":26,"column":13},"end":{"line":26,"column":14}},"loc":{"start":{"line":26,"column":45},"end":{"line":28,"column":1}}},"2":{"name":"(anonymous_3)","decl":{"start":{"line":29,"column":39},"end":{"line":29,"column":42}},"loc":{"start":{"line":29,"column":44},"end":{"line":31,"column":1}}}},"branchMap":{},"s":{"0":2,"1":2,"2":2,"3":2,"4":2,"5":2,"6":2,"7":2,"8":2,"9":2,"10":2,"11":2,"12":2,"13":2,"14":2,"15":2,"16":2,"17":2,"18":0,"19":0,"20":2,"21":0,"22":2,"23":2},"f":{"0":0,"1":0,"2":2},"b":{}}
,"C:\\Developer\\Andela\\my-brand-backend\\src\\configs\\index.ts": {"path":"C:\\Developer\\Andela\\my-brand-backend\\src\\configs\\index.ts","statementMap":{"0":{"start":{"line":1,"column":13},"end":{"line":1,"column":null}},"1":{"start":{"line":2,"column":13},"end":{"line":2,"column":43}},"2":{"start":{"line":3,"column":13},"end":{"line":3,"column":46}}},"fnMap":{},"branchMap":{"0":{"loc":{"start":{"line":3,"column":21},"end":{"line":3,"column":45}},"type":"binary-expr","locations":[{"start":{"line":3,"column":21},"end":{"line":3,"column":37}},{"start":{"line":3,"column":41},"end":{"line":3,"column":45}}]}},"s":{"0":2,"1":2,"2":2},"f":{},"b":{"0":[2,2]}}
,"C:\\Developer\\Andela\\my-brand-backend\\src\\controllers\\adminController.ts": {"path":"C:\\Developer\\Andela\\my-brand-backend\\src\\controllers\\adminController.ts","statementMap":{"0":{"start":{"line":2,"column":0},"end":{"line":2,"column":40}},"1":{"start":{"line":3,"column":0},"end":{"line":3,"column":93}},"2":{"start":{"line":5,"column":0},"end":{"line":5,"column":54}},"3":{"start":{"line":8,"column":29},"end":{"line":34,"column":null}},"4":{"start":{"line":8,"column":87},"end":{"line":34,"column":null}},"5":{"start":{"line":9,"column":60},"end":{"line":9,"column":89}},"6":{"start":{"line":10,"column":26},"end":{"line":10,"column":56}},"7":{"start":{"line":11,"column":4},"end":{"line":13,"column":5}},"8":{"start":{"line":12,"column":8},"end":{"line":12,"column":63}},"9":{"start":{"line":16,"column":17},"end":{"line":16,"column":37}},"10":{"start":{"line":17,"column":25},"end":{"line":17,"column":63}},"11":{"start":{"line":18,"column":28},"end":{"line":18,"column":74}},"12":{"start":{"line":20,"column":25},"end":{"line":25,"column":6}},"13":{"start":{"line":28,"column":4},"end":{"line":33,"column":7}},"14":{"start":{"line":8,"column":13},"end":{"line":8,"column":29}},"15":{"start":{"line":36,"column":21},"end":{"line":53,"column":2}},"16":{"start":{"line":36,"column":79},"end":{"line":53,"column":2}},"17":{"start":{"line":37,"column":32},"end":{"line":37,"column":40}},"18":{"start":{"line":38,"column":4},"end":{"line":52,"column":5}},"19":{"start":{"line":39,"column":22},"end":{"line":39,"column":52}},"20":{"start":{"line":40,"column":8},"end":{"line":42,"column":9}},"21":{"start":{"line":41,"column":12},"end":{"line":41,"column":72}},"22":{"start":{"line":44,"column":32},"end":{"line":44,"column":79}},"23":{"start":{"line":45,"column":8},"end":{"line":47,"column":9}},"24":{"start":{"line":46,"column":12},"end":{"line":46,"column":75}},"25":{"start":{"line":48,"column":29},"end":{"line":48,"column":34}},"26":{"start":{"line":49,"column":8},"end":{"line":49,"column":124}},"27":{"start":{"line":51,"column":8},"end":{"line":51,"column":74}},"28":{"start":{"line":36,"column":13},"end":{"line":36,"column":21}},"29":{"start":{"line":55,"column":24},"end":{"line":66,"column":2}},"30":{"start":{"line":55,"column":82},"end":{"line":66,"column":2}},"31":{"start":{"line":57,"column":4},"end":{"line":65,"column":5}},"32":{"start":{"line":58,"column":22},"end":{"line":58,"column":40}},"33":{"start":{"line":59,"column":8},"end":{"line":61,"column":9}},"34":{"start":{"line":60,"column":12},"end":{"line":60,"column":73}},"35":{"start":{"line":62,"column":8},"end":{"line":62,"column":84}},"36":{"start":{"line":64,"column":8},"end":{"line":64,"column":74}},"37":{"start":{"line":55,"column":13},"end":{"line":55,"column":24}}},"fnMap":{"0":{"name":"(anonymous_7)","decl":{"start":{"line":8,"column":29},"end":{"line":8,"column":36}},"loc":{"start":{"line":8,"column":87},"end":{"line":34,"column":null}}},"1":{"name":"(anonymous_8)","decl":{"start":{"line":8,"column":87},"end":{"line":8,"column":null}},"loc":{"start":{"line":8,"column":87},"end":{"line":34,"column":1}}},"2":{"name":"(anonymous_9)","decl":{"start":{"line":36,"column":21},"end":{"line":36,"column":28}},"loc":{"start":{"line":36,"column":79},"end":{"line":53,"column":2}}},"3":{"name":"(anonymous_10)","decl":{"start":{"line":36,"column":79},"end":{"line":36,"column":null}},"loc":{"start":{"line":36,"column":79},"end":{"line":53,"column":1}}},"4":{"name":"(anonymous_11)","decl":{"start":{"line":55,"column":24},"end":{"line":55,"column":31}},"loc":{"start":{"line":55,"column":82},"end":{"line":66,"column":2}}},"5":{"name":"(anonymous_12)","decl":{"start":{"line":55,"column":82},"end":{"line":55,"column":null}},"loc":{"start":{"line":55,"column":82},"end":{"line":66,"column":1}}}},"branchMap":{"0":{"loc":{"start":{"line":11,"column":4},"end":{"line":13,"column":5}},"type":"if","locations":[{"start":{"line":11,"column":4},"end":{"line":13,"column":5}}]},"1":{"loc":{"start":{"line":40,"column":8},"end":{"line":42,"column":9}},"type":"if","locations":[{"start":{"line":40,"column":8},"end":{"line":42,"column":9}}]},"2":{"loc":{"start":{"line":45,"column":8},"end":{"line":47,"column":9}},"type":"if","locations":[{"start":{"line":45,"column":8},"end":{"line":47,"column":9}}]},"3":{"loc":{"start":{"line":59,"column":8},"end":{"line":61,"column":9}},"type":"if","locations":[{"start":{"line":59,"column":8},"end":{"line":61,"column":9}}]}},"s":{"0":2,"1":2,"2":2,"3":2,"4":1,"5":1,"6":1,"7":1,"8":0,"9":1,"10":1,"11":1,"12":1,"13":1,"14":2,"15":2,"16":2,"17":2,"18":2,"19":2,"20":2,"21":0,"22":2,"23":2,"24":0,"25":2,"26":2,"27":0,"28":2,"29":2,"30":1,"31":1,"32":1,"33":1,"34":0,"35":1,"36":0,"37":2},"f":{"0":1,"1":1,"2":2,"3":2,"4":1,"5":1},"b":{"0":[0],"1":[0],"2":[0],"3":[0]}}
,"C:\\Developer\\Andela\\my-brand-backend\\src\\controllers\\blogController.ts": {"path":"C:\\Developer\\Andela\\my-brand-backend\\src\\controllers\\blogController.ts","statementMap":{"0":{"start":{"line":2,"column":0},"end":{"line":2,"column":38}},"1":{"start":{"line":4,"column":0},"end":{"line":4,"column":47}},"2":{"start":{"line":5,"column":0},"end":{"line":5,"column":44}},"3":{"start":{"line":8,"column":26},"end":{"line":23,"column":null}},"4":{"start":{"line":8,"column":84},"end":{"line":23,"column":null}},"5":{"start":{"line":9,"column":45},"end":{"line":9,"column":74}},"6":{"start":{"line":10,"column":25},"end":{"line":10,"column":58}},"7":{"start":{"line":11,"column":4},"end":{"line":13,"column":5}},"8":{"start":{"line":12,"column":8},"end":{"line":12,"column":62}},"9":{"start":{"line":14,"column":4},"end":{"line":16,"column":5}},"10":{"start":{"line":15,"column":8},"end":{"line":15,"column":69}},"11":{"start":{"line":17,"column":27},"end":{"line":17,"column":58}},"12":{"start":{"line":19,"column":24},"end":{"line":21,"column":6}},"13":{"start":{"line":22,"column":4},"end":{"line":22,"column":92}},"14":{"start":{"line":8,"column":13},"end":{"line":8,"column":26}},"15":{"start":{"line":25,"column":23},"end":{"line":60,"column":2}},"16":{"start":{"line":25,"column":81},"end":{"line":60,"column":2}},"17":{"start":{"line":26,"column":24},"end":{"line":26,"column":34}},"18":{"start":{"line":27,"column":4},"end":{"line":44,"column":5}},"19":{"start":{"line":28,"column":8},"end":{"line":43,"column":9}},"20":{"start":{"line":29,"column":25},"end":{"line":29,"column":61}},"21":{"start":{"line":30,"column":12},"end":{"line":32,"column":13}},"22":{"start":{"line":31,"column":16},"end":{"line":31,"column":74}},"23":{"start":{"line":34,"column":29},"end":{"line":34,"column":67}},"24":{"start":{"line":35,"column":34},"end":{"line":37,"column":null}},"25":{"start":{"line":40,"column":12},"end":{"line":40,"column":106}},"26":{"start":{"line":42,"column":12},"end":{"line":42,"column":78}},"27":{"start":{"line":45,"column":4},"end":{"line":59,"column":5}},"28":{"start":{"line":46,"column":26},"end":{"line":46,"column":43}},"29":{"start":{"line":49,"column":8},"end":{"line":51,"column":9}},"30":{"start":{"line":50,"column":12},"end":{"line":50,"column":76}},"31":{"start":{"line":52,"column":34},"end":{"line":55,"column":11}},"32":{"start":{"line":52,"column":81},"end":{"line":55,"column":10}},"33":{"start":{"line":53,"column":29},"end":{"line":53,"column":67}},"34":{"start":{"line":54,"column":12},"end":{"line":54,"column":50}},"35":{"start":{"line":56,"column":8},"end":{"line":56,"column":103}},"36":{"start":{"line":58,"column":8},"end":{"line":58,"column":81}},"37":{"start":{"line":25,"column":13},"end":{"line":25,"column":23}},"38":{"start":{"line":62,"column":26},"end":{"line":84,"column":null}},"39":{"start":{"line":62,"column":84},"end":{"line":84,"column":null}},"40":{"start":{"line":63,"column":24},"end":{"line":63,"column":34}},"41":{"start":{"line":64,"column":46},"end":{"line":64,"column":75}},"42":{"start":{"line":65,"column":30},"end":{"line":65,"column":58}},"43":{"start":{"line":66,"column":4},"end":{"line":68,"column":5}},"44":{"start":{"line":67,"column":8},"end":{"line":67,"column":69}},"45":{"start":{"line":70,"column":4},"end":{"line":83,"column":5}},"46":{"start":{"line":71,"column":8},"end":{"line":71,"column":58}},"47":{"start":{"line":71,"column":23},"end":{"line":71,"column":58}},"48":{"start":{"line":72,"column":8},"end":{"line":72,"column":55}},"49":{"start":{"line":72,"column":22},"end":{"line":72,"column":55}},"50":{"start":{"line":73,"column":8},"end":{"line":73,"column":59}},"51":{"start":{"line":73,"column":22},"end":{"line":73,"column":59}},"52":{"start":{"line":75,"column":8},"end":{"line":78,"column":9}},"53":{"start":{"line":76,"column":35},"end":{"line":76,"column":66}},"54":{"start":{"line":77,"column":12},"end":{"line":77,"column":58}},"55":{"start":{"line":79,"column":28},"end":{"line":79,"column":103}},"56":{"start":{"line":80,"column":8},"end":{"line":80,"column":84}},"57":{"start":{"line":82,"column":8},"end":{"line":82,"column":76}},"58":{"start":{"line":62,"column":13},"end":{"line":62,"column":26}},"59":{"start":{"line":86,"column":24},"end":{"line":101,"column":null}},"60":{"start":{"line":86,"column":82},"end":{"line":101,"column":null}},"61":{"start":{"line":87,"column":24},"end":{"line":87,"column":34}},"62":{"start":{"line":88,"column":30},"end":{"line":88,"column":58}},"63":{"start":{"line":89,"column":4},"end":{"line":91,"column":5}},"64":{"start":{"line":90,"column":8},"end":{"line":90,"column":69}},"65":{"start":{"line":93,"column":4},"end":{"line":100,"column":5}},"66":{"start":{"line":94,"column":8},"end":{"line":94,"column":32}},"67":{"start":{"line":96,"column":28},"end":{"line":96,"column":103}},"68":{"start":{"line":97,"column":8},"end":{"line":97,"column":77}},"69":{"start":{"line":99,"column":8},"end":{"line":99,"column":76}},"70":{"start":{"line":86,"column":13},"end":{"line":86,"column":24}},"71":{"start":{"line":103,"column":26},"end":{"line":116,"column":2}},"72":{"start":{"line":103,"column":65},"end":{"line":116,"column":2}},"73":{"start":{"line":104,"column":24},"end":{"line":104,"column":34}},"74":{"start":{"line":105,"column":4},"end":{"line":115,"column":5}},"75":{"start":{"line":106,"column":21},"end":{"line":106,"column":66}},"76":{"start":{"line":107,"column":8},"end":{"line":109,"column":9}},"77":{"start":{"line":108,"column":12},"end":{"line":108,"column":71}},"78":{"start":{"line":110,"column":8},"end":{"line":112,"column":11}},"79":{"start":{"line":114,"column":8},"end":{"line":114,"column":74}},"80":{"start":{"line":103,"column":13},"end":{"line":103,"column":26}},"81":{"start":{"line":119,"column":29},"end":{"line":140,"column":2}},"82":{"start":{"line":119,"column":67},"end":{"line":140,"column":2}},"83":{"start":{"line":120,"column":4},"end":{"line":139,"column":5}},"84":{"start":{"line":121,"column":28},"end":{"line":121,"column":38}},"85":{"start":{"line":122,"column":33},"end":{"line":122,"column":41}},"86":{"start":{"line":124,"column":34},"end":{"line":124,"column":62}},"87":{"start":{"line":125,"column":8},"end":{"line":127,"column":9}},"88":{"start":{"line":126,"column":12},"end":{"line":126,"column":74}},"89":{"start":{"line":128,"column":27},"end":{"line":132,"column":10}},"90":{"start":{"line":133,"column":8},"end":{"line":133,"column":51}},"91":{"start":{"line":134,"column":24},"end":{"line":134,"column":99}},"92":{"start":{"line":135,"column":8},"end":{"line":135,"column":92}},"93":{"start":{"line":137,"column":8},"end":{"line":137,"column":56}},"94":{"start":{"line":138,"column":8},"end":{"line":138,"column":65}},"95":{"start":{"line":119,"column":13},"end":{"line":119,"column":29}}},"fnMap":{"0":{"name":"(anonymous_8)","decl":{"start":{"line":8,"column":26},"end":{"line":8,"column":33}},"loc":{"start":{"line":8,"column":84},"end":{"line":23,"column":null}}},"1":{"name":"(anonymous_9)","decl":{"start":{"line":8,"column":84},"end":{"line":8,"column":null}},"loc":{"start":{"line":8,"column":84},"end":{"line":23,"column":1}}},"2":{"name":"(anonymous_10)","decl":{"start":{"line":25,"column":23},"end":{"line":25,"column":30}},"loc":{"start":{"line":25,"column":81},"end":{"line":60,"column":2}}},"3":{"name":"(anonymous_11)","decl":{"start":{"line":25,"column":81},"end":{"line":25,"column":null}},"loc":{"start":{"line":25,"column":81},"end":{"line":60,"column":1}}},"4":{"name":"(anonymous_12)","decl":{"start":{"line":52,"column":61},"end":{"line":52,"column":68}},"loc":{"start":{"line":52,"column":81},"end":{"line":55,"column":10}}},"5":{"name":"(anonymous_13)","decl":{"start":{"line":52,"column":81},"end":{"line":52,"column":null}},"loc":{"start":{"line":52,"column":81},"end":{"line":55,"column":9}}},"6":{"name":"(anonymous_14)","decl":{"start":{"line":62,"column":26},"end":{"line":62,"column":33}},"loc":{"start":{"line":62,"column":84},"end":{"line":84,"column":null}}},"7":{"name":"(anonymous_15)","decl":{"start":{"line":62,"column":84},"end":{"line":62,"column":null}},"loc":{"start":{"line":62,"column":84},"end":{"line":84,"column":1}}},"8":{"name":"(anonymous_16)","decl":{"start":{"line":86,"column":24},"end":{"line":86,"column":31}},"loc":{"start":{"line":86,"column":82},"end":{"line":101,"column":null}}},"9":{"name":"(anonymous_17)","decl":{"start":{"line":86,"column":82},"end":{"line":86,"column":null}},"loc":{"start":{"line":86,"column":82},"end":{"line":101,"column":1}}},"10":{"name":"(anonymous_18)","decl":{"start":{"line":103,"column":26},"end":{"line":103,"column":33}},"loc":{"start":{"line":103,"column":65},"end":{"line":116,"column":2}}},"11":{"name":"(anonymous_19)","decl":{"start":{"line":103,"column":65},"end":{"line":103,"column":null}},"loc":{"start":{"line":103,"column":65},"end":{"line":116,"column":1}}},"12":{"name":"(anonymous_20)","decl":{"start":{"line":119,"column":29},"end":{"line":119,"column":36}},"loc":{"start":{"line":119,"column":67},"end":{"line":140,"column":2}}},"13":{"name":"(anonymous_21)","decl":{"start":{"line":119,"column":67},"end":{"line":119,"column":null}},"loc":{"start":{"line":119,"column":67},"end":{"line":140,"column":1}}}},"branchMap":{"0":{"loc":{"start":{"line":11,"column":4},"end":{"line":13,"column":5}},"type":"if","locations":[{"start":{"line":11,"column":4},"end":{"line":13,"column":5}}]},"1":{"loc":{"start":{"line":14,"column":4},"end":{"line":16,"column":5}},"type":"if","locations":[{"start":{"line":14,"column":4},"end":{"line":16,"column":5}}]},"2":{"loc":{"start":{"line":27,"column":4},"end":{"line":44,"column":5}},"type":"if","locations":[{"start":{"line":27,"column":4},"end":{"line":44,"column":5}}]},"3":{"loc":{"start":{"line":30,"column":12},"end":{"line":32,"column":13}},"type":"if","locations":[{"start":{"line":30,"column":12},"end":{"line":32,"column":13}}]},"4":{"loc":{"start":{"line":49,"column":8},"end":{"line":51,"column":9}},"type":"if","locations":[{"start":{"line":49,"column":8},"end":{"line":51,"column":9}}]},"5":{"loc":{"start":{"line":66,"column":4},"end":{"line":68,"column":5}},"type":"if","locations":[{"start":{"line":66,"column":4},"end":{"line":68,"column":5}}]},"6":{"loc":{"start":{"line":71,"column":8},"end":{"line":71,"column":58}},"type":"if","locations":[{"start":{"line":71,"column":8},"end":{"line":71,"column":58}}]},"7":{"loc":{"start":{"line":72,"column":8},"end":{"line":72,"column":55}},"type":"if","locations":[{"start":{"line":72,"column":8},"end":{"line":72,"column":55}}]},"8":{"loc":{"start":{"line":73,"column":8},"end":{"line":73,"column":59}},"type":"if","locations":[{"start":{"line":73,"column":8},"end":{"line":73,"column":59}}]},"9":{"loc":{"start":{"line":75,"column":8},"end":{"line":78,"column":9}},"type":"if","locations":[{"start":{"line":75,"column":8},"end":{"line":78,"column":9}}]},"10":{"loc":{"start":{"line":89,"column":4},"end":{"line":91,"column":5}},"type":"if","locations":[{"start":{"line":89,"column":4},"end":{"line":91,"column":5}}]},"11":{"loc":{"start":{"line":107,"column":8},"end":{"line":109,"column":9}},"type":"if","locations":[{"start":{"line":107,"column":8},"end":{"line":109,"column":9}}]},"12":{"loc":{"start":{"line":125,"column":8},"end":{"line":127,"column":9}},"type":"if","locations":[{"start":{"line":125,"column":8},"end":{"line":127,"column":9}}]}},"s":{"0":2,"1":2,"2":2,"3":2,"4":1,"5":1,"6":1,"7":1,"8":0,"9":1,"10":1,"11":0,"12":0,"13":0,"14":2,"15":2,"16":2,"17":2,"18":2,"19":1,"20":1,"21":1,"22":0,"23":1,"24":1,"25":1,"26":0,"27":1,"28":1,"29":1,"30":0,"31":1,"32":1,"33":1,"34":1,"35":1,"36":0,"37":2,"38":2,"39":1,"40":1,"41":1,"42":1,"43":1,"44":0,"45":1,"46":1,"47":1,"48":1,"49":1,"50":1,"51":0,"52":1,"53":0,"54":0,"55":1,"56":1,"57":0,"58":2,"59":2,"60":1,"61":1,"62":1,"63":1,"64":0,"65":1,"66":1,"67":1,"68":1,"69":0,"70":2,"71":2,"72":1,"73":1,"74":1,"75":1,"76":1,"77":0,"78":1,"79":0,"80":2,"81":2,"82":1,"83":1,"84":1,"85":1,"86":1,"87":1,"88":0,"89":1,"90":1,"91":1,"92":1,"93":0,"94":0,"95":2},"f":{"0":1,"1":1,"2":2,"3":2,"4":1,"5":1,"6":1,"7":1,"8":1,"9":1,"10":1,"11":1,"12":1,"13":1},"b":{"0":[0],"1":[1],"2":[1],"3":[0],"4":[0],"5":[0],"6":[1],"7":[1],"8":[0],"9":[0],"10":[0],"11":[0],"12":[0]}}
,"C:\\Developer\\Andela\\my-brand-backend\\src\\models\\Admin.ts": {"path":"C:\\Developer\\Andela\\my-brand-backend\\src\\models\\Admin.ts","statementMap":{"0":{"start":{"line":1,"column":0},"end":{"line":1,"column":54}},"1":{"start":{"line":11,"column":28},"end":{"line":32,"column":24}},"2":{"start":{"line":34,"column":13},"end":{"line":34,"column":68}}},"fnMap":{},"branchMap":{},"s":{"0":2,"1":2,"2":2},"f":{},"b":{}}
,"C:\\Developer\\Andela\\my-brand-backend\\src\\models\\Blog.ts": {"path":"C:\\Developer\\Andela\\my-brand-backend\\src\\models\\Blog.ts","statementMap":{"0":{"start":{"line":2,"column":0},"end":{"line":2,"column":54}},"1":{"start":{"line":12,"column":27},"end":{"line":18,"column":24}},"2":{"start":{"line":20,"column":13},"end":{"line":20,"column":64}}},"fnMap":{},"branchMap":{},"s":{"0":2,"1":2,"2":2},"f":{},"b":{}}
,"C:\\Developer\\Andela\\my-brand-backend\\src\\models\\Comment.ts": {"path":"C:\\Developer\\Andela\\my-brand-backend\\src\\models\\Comment.ts","statementMap":{"0":{"start":{"line":2,"column":0},"end":{"line":2,"column":54}},"1":{"start":{"line":10,"column":30},"end":{"line":14,"column":24}},"2":{"start":{"line":16,"column":13},"end":{"line":16,"column":76}}},"fnMap":{},"branchMap":{},"s":{"0":2,"1":2,"2":2},"f":{},"b":{}}
,"C:\\Developer\\Andela\\my-brand-backend\\src\\routes\\adminRoutes.ts": {"path":"C:\\Developer\\Andela\\my-brand-backend\\src\\routes\\adminRoutes.ts","statementMap":{"0":{"start":{"line":1,"column":0},"end":{"line":1,"column":62}},"1":{"start":{"line":2,"column":0},"end":{"line":2,"column":78}},"2":{"start":{"line":3,"column":0},"end":{"line":3,"column":79}},"3":{"start":{"line":4,"column":0},"end":{"line":4,"column":53}},"4":{"start":{"line":5,"column":15},"end":{"line":5,"column":31}},"5":{"start":{"line":10,"column":18},"end":{"line":10,"column":29}},"6":{"start":{"line":6,"column":0},"end":{"line":6,"column":35}},"7":{"start":{"line":7,"column":0},"end":{"line":7,"column":66}},"8":{"start":{"line":8,"column":0},"end":{"line":8,"column":null}},"9":{"start":{"line":9,"column":0},"end":{"line":9,"column":null}}},"fnMap":{},"branchMap":{},"s":{"0":2,"1":2,"2":2,"3":2,"4":2,"5":2,"6":2,"7":2,"8":2,"9":2},"f":{},"b":{}}
,"C:\\Developer\\Andela\\my-brand-backend\\src\\routes\\blogRoutes.ts": {"path":"C:\\Developer\\Andela\\my-brand-backend\\src\\routes\\blogRoutes.ts","statementMap":{"0":{"start":{"line":1,"column":0},"end":{"line":1,"column":30}},"1":{"start":{"line":2,"column":0},"end":{"line":2,"column":117}},"2":{"start":{"line":3,"column":0},"end":{"line":3,"column":39}},"3":{"start":{"line":4,"column":0},"end":{"line":4,"column":53}},"4":{"start":{"line":5,"column":0},"end":{"line":5,"column":104}},"5":{"start":{"line":7,"column":15},"end":{"line":7,"column":31}},"6":{"start":{"line":19,"column":19},"end":{"line":19,"column":29}},"7":{"start":{"line":8,"column":0},"end":{"line":8,"column":null}},"8":{"start":{"line":9,"column":0},"end":{"line":9,"column":28}},"9":{"start":{"line":10,"column":0},"end":{"line":10,"column":37}},"10":{"start":{"line":11,"column":0},"end":{"line":11,"column":89}},"11":{"start":{"line":12,"column":0},"end":{"line":12,"column":38}},"12":{"start":{"line":13,"column":0},"end":{"line":13,"column":69}},"13":{"start":{"line":15,"column":0},"end":{"line":15,"column":76}},"14":{"start":{"line":16,"column":0},"end":{"line":16,"column":46}}},"fnMap":{},"branchMap":{},"s":{"0":2,"1":2,"2":2,"3":2,"4":2,"5":2,"6":2,"7":2,"8":2,"9":2,"10":2,"11":2,"12":2,"13":2,"14":2},"f":{},"b":{}}
,"C:\\Developer\\Andela\\my-brand-backend\\src\\routes\\index.ts": {"path":"C:\\Developer\\Andela\\my-brand-backend\\src\\routes\\index.ts","statementMap":{"0":{"start":{"line":1,"column":0},"end":{"line":1,"column":29}},"1":{"start":{"line":2,"column":0},"end":{"line":2,"column":30}}},"fnMap":{},"branchMap":{},"s":{"0":2,"1":2},"f":{},"b":{}}
,"C:\\Developer\\Andela\\my-brand-backend\\src\\services\\Database.ts": {"path":"C:\\Developer\\Andela\\my-brand-backend\\src\\services\\Database.ts","statementMap":{"0":{"start":{"line":2,"column":0},"end":{"line":2,"column":32}},"1":{"start":{"line":3,"column":0},"end":{"line":14,"column":null}},"2":{"start":{"line":3,"column":26},"end":{"line":14,"column":null}},"3":{"start":{"line":4,"column":4},"end":{"line":11,"column":5}},"4":{"start":{"line":5,"column":8},"end":{"line":7,"column":null}},"5":{"start":{"line":6,"column":12},"end":{"line":6,"column":40}},"6":{"start":{"line":7,"column":24},"end":{"line":7,"column":50}},"7":{"start":{"line":10,"column":8},"end":{"line":10,"column":null}}},"fnMap":{"0":{"name":"(anonymous_8)","decl":{"start":{"line":3,"column":15},"end":{"line":3,"column":24}},"loc":{"start":{"line":3,"column":26},"end":{"line":14,"column":null}}},"1":{"name":"(anonymous_9)","decl":{"start":{"line":3,"column":26},"end":{"line":3,"column":null}},"loc":{"start":{"line":3,"column":26},"end":{"line":14,"column":1}}},"2":{"name":"(anonymous_10)","decl":{"start":{"line":5,"column":110},"end":{"line":5,"column":116}},"loc":{"start":{"line":5,"column":119},"end":{"line":7,"column":9}}},"3":{"name":"(anonymous_11)","decl":{"start":{"line":7,"column":17},"end":{"line":7,"column":20}},"loc":{"start":{"line":7,"column":24},"end":{"line":7,"column":50}}}},"branchMap":{"0":{"loc":{"start":{"line":5,"column":31},"end":{"line":5,"column":100}},"type":"binary-expr","locations":[{"start":{"line":5,"column":31},"end":{"line":5,"column":61}},{"start":{"line":5,"column":65},"end":{"line":5,"column":100}}]}},"s":{"0":2,"1":2,"2":2,"3":2,"4":2,"5":2,"6":0,"7":0},"f":{"0":2,"1":2,"2":2,"3":0},"b":{"0":[2,2]}}
,"C:\\Developer\\Andela\\my-brand-backend\\src\\utility\\Authentication.ts": {"path":"C:\\Developer\\Andela\\my-brand-backend\\src\\utility\\Authentication.ts","statementMap":{"0":{"start":{"line":1,"column":0},"end":{"line":1,"column":31}},"1":{"start":{"line":8,"column":25},"end":{"line":19,"column":1}},"2":{"start":{"line":9,"column":32},"end":{"line":9,"column":40}},"3":{"start":{"line":10,"column":18},"end":{"line":16,"column":null}},"4":{"start":{"line":18,"column":4},"end":{"line":18,"column":17}},"5":{"start":{"line":8,"column":13},"end":{"line":8,"column":25}},"6":{"start":{"line":21,"column":22},"end":{"line":29,"column":1}},"7":{"start":{"line":22,"column":4},"end":{"line":28,"column":5}},"8":{"start":{"line":23,"column":24},"end":{"line":23,"column":63}},"9":{"start":{"line":24,"column":8},"end":{"line":24,"column":23}},"10":{"start":{"line":26,"column":8},"end":{"line":26,"column":53}},"11":{"start":{"line":27,"column":8},"end":{"line":27,"column":20}},"12":{"start":{"line":21,"column":13},"end":{"line":21,"column":22}}},"fnMap":{"0":{"name":"(anonymous_1)","decl":{"start":{"line":8,"column":25},"end":{"line":8,"column":26}},"loc":{"start":{"line":8,"column":56},"end":{"line":19,"column":1}}},"1":{"name":"(anonymous_2)","decl":{"start":{"line":21,"column":22},"end":{"line":21,"column":23}},"loc":{"start":{"line":21,"column":57},"end":{"line":29,"column":1}}}},"branchMap":{},"s":{"0":2,"1":2,"2":2,"3":2,"4":2,"5":2,"6":2,"7":0,"8":0,"9":0,"10":0,"11":0,"12":2},"f":{"0":2,"1":0},"b":{}}
,"C:\\Developer\\Andela\\my-brand-backend\\src\\utility\\VerifyToken.ts": {"path":"C:\\Developer\\Andela\\my-brand-backend\\src\\utility\\VerifyToken.ts","statementMap":{"0":{"start":{"line":1,"column":0},"end":{"line":1,"column":31}},"1":{"start":{"line":19,"column":24},"end":{"line":50,"column":2}},"2":{"start":{"line":19,"column":82},"end":{"line":50,"column":2}},"3":{"start":{"line":20,"column":4},"end":{"line":49,"column":5}},"4":{"start":{"line":22,"column":12},"end":{"line":24,"column":51}},"5":{"start":{"line":26,"column":8},"end":{"line":28,"column":9}},"6":{"start":{"line":27,"column":12},"end":{"line":27,"column":72}},"7":{"start":{"line":30,"column":8},"end":{"line":46,"column":9}},"8":{"start":{"line":31,"column":33},"end":{"line":31,"column":60}},"9":{"start":{"line":33,"column":31},"end":{"line":37,"column":14}},"10":{"start":{"line":38,"column":12},"end":{"line":38,"column":28}},"11":{"start":{"line":39,"column":12},"end":{"line":39,"column":26}},"12":{"start":{"line":41,"column":12},"end":{"line":45,"column":13}},"13":{"start":{"line":42,"column":16},"end":{"line":42,"column":76}},"14":{"start":{"line":44,"column":16},"end":{"line":44,"column":81}},"15":{"start":{"line":48,"column":8},"end":{"line":48,"column":73}},"16":{"start":{"line":52,"column":0},"end":{"line":52,"column":31}}},"fnMap":{"0":{"name":"(anonymous_8)","decl":{"start":{"line":19,"column":24},"end":{"line":19,"column":31}},"loc":{"start":{"line":19,"column":82},"end":{"line":50,"column":2}}},"1":{"name":"(anonymous_9)","decl":{"start":{"line":19,"column":82},"end":{"line":19,"column":null}},"loc":{"start":{"line":19,"column":82},"end":{"line":50,"column":1}}}},"branchMap":{"0":{"loc":{"start":{"line":22,"column":12},"end":{"line":24,"column":51}},"type":"binary-expr","locations":[{"start":{"line":22,"column":12},"end":{"line":22,"column":23}},{"start":{"line":23,"column":12},"end":{"line":23,"column":37}},{"start":{"line":24,"column":12},"end":{"line":24,"column":51}}]},"1":{"loc":{"start":{"line":26,"column":8},"end":{"line":28,"column":9}},"type":"if","locations":[{"start":{"line":26,"column":8},"end":{"line":28,"column":9}}]},"2":{"loc":{"start":{"line":41,"column":12},"end":{"line":45,"column":13}},"type":"if","locations":[{"start":{"line":41,"column":12},"end":{"line":45,"column":13}},{"start":{"line":43,"column":19},"end":{"line":45,"column":13}}]}},"s":{"0":2,"1":2,"2":8,"3":8,"4":8,"5":8,"6":0,"7":8,"8":8,"9":8,"10":8,"11":8,"12":0,"13":0,"14":0,"15":0,"16":2},"f":{"0":8,"1":8},"b":{"0":[8,8,8],"1":[0],"2":[0,0]}}
,"C:\\Developer\\Andela\\my-brand-backend\\src\\utility\\cloudinary.ts": {"path":"C:\\Developer\\Andela\\my-brand-backend\\src\\utility\\cloudinary.ts","statementMap":{"0":{"start":{"line":1,"column":0},"end":{"line":1,"column":46}},"1":{"start":{"line":2,"column":0},"end":{"line":2,"column":28}},"2":{"start":{"line":5,"column":0},"end":{"line":5,"column":16}},"3":{"start":{"line":7,"column":0},"end":{"line":11,"column":3}},"4":{"start":{"line":12,"column":19},"end":{"line":19,"column":null}},"5":{"start":{"line":12,"column":70},"end":{"line":19,"column":null}},"6":{"start":{"line":13,"column":4},"end":{"line":18,"column":5}},"7":{"start":{"line":14,"column":25},"end":{"line":14,"column":68}},"8":{"start":{"line":15,"column":8},"end":{"line":15,"column":24}},"9":{"start":{"line":17,"column":8},"end":{"line":17,"column":88}},"10":{"start":{"line":21,"column":0},"end":{"line":21,"column":26}}},"fnMap":{"0":{"name":"(anonymous_8)","decl":{"start":{"line":12,"column":19},"end":{"line":12,"column":26}},"loc":{"start":{"line":12,"column":70},"end":{"line":19,"column":null}}},"1":{"name":"(anonymous_9)","decl":{"start":{"line":12,"column":70},"end":{"line":12,"column":null}},"loc":{"start":{"line":12,"column":70},"end":{"line":19,"column":1}}}},"branchMap":{},"s":{"0":2,"1":2,"2":2,"3":2,"4":2,"5":0,"6":0,"7":0,"8":0,"9":0,"10":2},"f":{"0":0,"1":0},"b":{}}
,"C:\\Developer\\Andela\\my-brand-backend\\src\\utility\\multer.ts": {"path":"C:\\Developer\\Andela\\my-brand-backend\\src\\utility\\multer.ts","statementMap":{"0":{"start":{"line":2,"column":0},"end":{"line":2,"column":52}},"1":{"start":{"line":4,"column":16},"end":{"line":8,"column":4}},"2":{"start":{"line":6,"column":6},"end":{"line":6,"column":null}},"3":{"start":{"line":9,"column":15},"end":{"line":9,"column":43}},"4":{"start":{"line":11,"column":0},"end":{"line":11,"column":22}}},"fnMap":{"0":{"name":"(anonymous_1)","decl":{"start":{"line":5,"column":14},"end":{"line":5,"column":24}},"loc":{"start":{"line":5,"column":37},"end":{"line":7,"column":5}}}},"branchMap":{},"s":{"0":2,"1":2,"2":0,"3":2,"4":2},"f":{"0":0},"b":{}}
,"C:\\Developer\\Andela\\my-brand-backend\\src\\utility\\passwordUtility.ts": {"path":"C:\\Developer\\Andela\\my-brand-backend\\src\\utility\\passwordUtility.ts","statementMap":{"0":{"start":{"line":1,"column":0},"end":{"line":1,"column":28}},"1":{"start":{"line":3,"column":0},"end":{"line":3,"column":30}},"2":{"start":{"line":4,"column":0},"end":{"line":4,"column":40}},"3":{"start":{"line":7,"column":28},"end":{"line":9,"column":null}},"4":{"start":{"line":7,"column":39},"end":{"line":9,"column":null}},"5":{"start":{"line":8,"column":4},"end":{"line":8,"column":null}},"6":{"start":{"line":7,"column":13},"end":{"line":7,"column":28}},"7":{"start":{"line":11,"column":32},"end":{"line":13,"column":null}},"8":{"start":{"line":11,"column":73},"end":{"line":13,"column":null}},"9":{"start":{"line":12,"column":4},"end":{"line":12,"column":45}},"10":{"start":{"line":11,"column":13},"end":{"line":11,"column":32}},"11":{"start":{"line":15,"column":32},"end":{"line":17,"column":null}},"12":{"start":{"line":15,"column":103},"end":{"line":17,"column":null}},"13":{"start":{"line":16,"column":4},"end":{"line":16,"column":75}},"14":{"start":{"line":15,"column":13},"end":{"line":15,"column":32}},"15":{"start":{"line":19,"column":33},"end":{"line":21,"column":1}},"16":{"start":{"line":20,"column":4},"end":{"line":20,"column":62}},"17":{"start":{"line":19,"column":13},"end":{"line":19,"column":33}},"18":{"start":{"line":23,"column":31},"end":{"line":30,"column":2}},"19":{"start":{"line":23,"column":100},"end":{"line":30,"column":2}},"20":{"start":{"line":24,"column":4},"end":{"line":29,"column":5}},"21":{"start":{"line":25,"column":8},"end":{"line":25,"column":62}},"22":{"start":{"line":27,"column":8},"end":{"line":27,"column":59}},"23":{"start":{"line":28,"column":8},"end":{"line":28,"column":53}},"24":{"start":{"line":23,"column":13},"end":{"line":23,"column":31}}},"fnMap":{"0":{"name":"(anonymous_8)","decl":{"start":{"line":7,"column":28},"end":{"line":7,"column":37}},"loc":{"start":{"line":7,"column":39},"end":{"line":9,"column":null}}},"1":{"name":"(anonymous_9)","decl":{"start":{"line":7,"column":39},"end":{"line":7,"column":null}},"loc":{"start":{"line":7,"column":39},"end":{"line":9,"column":1}}},"2":{"name":"(anonymous_10)","decl":{"start":{"line":11,"column":32},"end":{"line":11,"column":39}},"loc":{"start":{"line":11,"column":73},"end":{"line":13,"column":null}}},"3":{"name":"(anonymous_11)","decl":{"start":{"line":11,"column":73},"end":{"line":11,"column":null}},"loc":{"start":{"line":11,"column":73},"end":{"line":13,"column":1}}},"4":{"name":"(anonymous_12)","decl":{"start":{"line":15,"column":32},"end":{"line":15,"column":39}},"loc":{"start":{"line":15,"column":103},"end":{"line":17,"column":null}}},"5":{"name":"(anonymous_13)","decl":{"start":{"line":15,"column":103},"end":{"line":15,"column":null}},"loc":{"start":{"line":15,"column":103},"end":{"line":17,"column":1}}},"6":{"name":"(anonymous_14)","decl":{"start":{"line":19,"column":33},"end":{"line":19,"column":34}},"loc":{"start":{"line":19,"column":58},"end":{"line":21,"column":1}}},"7":{"name":"(anonymous_15)","decl":{"start":{"line":23,"column":31},"end":{"line":23,"column":38}},"loc":{"start":{"line":23,"column":100},"end":{"line":30,"column":2}}},"8":{"name":"(anonymous_16)","decl":{"start":{"line":23,"column":100},"end":{"line":23,"column":null}},"loc":{"start":{"line":23,"column":100},"end":{"line":30,"column":1}}}},"branchMap":{},"s":{"0":2,"1":2,"2":2,"3":2,"4":1,"5":1,"6":2,"7":2,"8":2,"9":2,"10":2,"11":2,"12":0,"13":0,"14":2,"15":2,"16":0,"17":2,"18":2,"19":2,"20":2,"21":2,"22":0,"23":0,"24":2},"f":{"0":1,"1":1,"2":2,"3":2,"4":0,"5":0,"6":0,"7":2,"8":2},"b":{}}
,"C:\\Developer\\Andela\\my-brand-backend\\src\\validations\\BlogValidation.ts": {"path":"C:\\Developer\\Andela\\my-brand-backend\\src\\validations\\BlogValidation.ts","statementMap":{"0":{"start":{"line":2,"column":0},"end":{"line":2,"column":22}},"1":{"start":{"line":4,"column":19},"end":{"line":8,"column":33}},"2":{"start":{"line":10,"column":41},"end":{"line":20,"column":1}},"3":{"start":{"line":11,"column":3},"end":{"line":13,"column":4}},"4":{"start":{"line":12,"column":4},"end":{"line":12,"column":null}},"5":{"start":{"line":14,"column":22},"end":{"line":14,"column":51}},"6":{"start":{"line":15,"column":7},"end":{"line":18,"column":5}},"7":{"start":{"line":17,"column":8},"end":{"line":17,"column":90}},"8":{"start":{"line":19,"column":4},"end":{"line":19,"column":11}},"9":{"start":{"line":10,"column":13},"end":{"line":10,"column":41}},"10":{"start":{"line":21,"column":22},"end":{"line":24,"column":33}},"11":{"start":{"line":26,"column":44},"end":{"line":35,"column":1}},"12":{"start":{"line":28,"column":22},"end":{"line":28,"column":54}},"13":{"start":{"line":29,"column":7},"end":{"line":33,"column":5}},"14":{"start":{"line":31,"column":8},"end":{"line":31,"column":90}},"15":{"start":{"line":34,"column":4},"end":{"line":34,"column":11}},"16":{"start":{"line":26,"column":13},"end":{"line":26,"column":44}}},"fnMap":{"0":{"name":"(anonymous_1)","decl":{"start":{"line":10,"column":41},"end":{"line":10,"column":42}},"loc":{"start":{"line":10,"column":93},"end":{"line":20,"column":1}}},"1":{"name":"(anonymous_2)","decl":{"start":{"line":26,"column":44},"end":{"line":26,"column":45}},"loc":{"start":{"line":26,"column":96},"end":{"line":35,"column":1}}}},"branchMap":{"0":{"loc":{"start":{"line":11,"column":3},"end":{"line":13,"column":4}},"type":"if","locations":[{"start":{"line":11,"column":3},"end":{"line":13,"column":4}}]},"1":{"loc":{"start":{"line":15,"column":7},"end":{"line":18,"column":5}},"type":"if","locations":[{"start":{"line":15,"column":7},"end":{"line":18,"column":5}}]},"2":{"loc":{"start":{"line":29,"column":7},"end":{"line":33,"column":5}},"type":"if","locations":[{"start":{"line":29,"column":7},"end":{"line":33,"column":5}}]}},"s":{"0":2,"1":2,"2":2,"3":1,"4":0,"5":1,"6":1,"7":0,"8":1,"9":2,"10":2,"11":2,"12":1,"13":1,"14":0,"15":1,"16":2},"f":{"0":1,"1":1},"b":{"0":[0],"1":[0],"2":[0]}}
,"C:\\Developer\\Andela\\my-brand-backend\\src\\validations\\adminValidations.ts": {"path":"C:\\Developer\\Andela\\my-brand-backend\\src\\validations\\adminValidations.ts","statementMap":{"0":{"start":{"line":2,"column":0},"end":{"line":2,"column":22}},"1":{"start":{"line":4,"column":22},"end":{"line":9,"column":33}},"2":{"start":{"line":11,"column":44},"end":{"line":19,"column":1}},"3":{"start":{"line":12,"column":22},"end":{"line":12,"column":54}},"4":{"start":{"line":14,"column":4},"end":{"line":17,"column":5}},"5":{"start":{"line":16,"column":8},"end":{"line":16,"column":93}},"6":{"start":{"line":16,"column":77},"end":{"line":16,"column":88}},"7":{"start":{"line":18,"column":4},"end":{"line":18,"column":11}},"8":{"start":{"line":11,"column":13},"end":{"line":11,"column":44}}},"fnMap":{"0":{"name":"(anonymous_1)","decl":{"start":{"line":11,"column":44},"end":{"line":11,"column":45}},"loc":{"start":{"line":11,"column":96},"end":{"line":19,"column":1}}},"1":{"name":"(anonymous_2)","decl":{"start":{"line":16,"column":63},"end":{"line":16,"column":64}},"loc":{"start":{"line":16,"column":77},"end":{"line":16,"column":88}}}},"branchMap":{"0":{"loc":{"start":{"line":14,"column":4},"end":{"line":17,"column":5}},"type":"if","locations":[{"start":{"line":14,"column":4},"end":{"line":17,"column":5}}]}},"s":{"0":2,"1":2,"2":2,"3":1,"4":1,"5":0,"6":0,"7":1,"8":2},"f":{"0":1,"1":0},"b":{"0":[0]}}
}
