TN:
SF:src\index.ts
FN:21,(anonymous_1)
FN:26,(anonymous_2)
FN:29,(anonymous_3)
FNF:3
FNH:1
FNDA:0,(anonymous_1)
FNDA:0,(anonymous_2)
FNDA:2,(anonymous_3)
DA:2,2
DA:3,2
DA:4,2
DA:5,2
DA:6,2
DA:7,2
DA:8,2
DA:9,2
DA:10,2
DA:12,2
DA:13,2
DA:14,2
DA:15,2
DA:16,2
DA:17,2
DA:18,2
DA:19,2
DA:21,2
DA:22,0
DA:23,0
DA:26,2
DA:27,0
DA:29,2
DA:30,2
LF:24
LH:21
BRF:0
BRH:0
end_of_record
TN:
SF:src\configs\index.ts
FNF:0
FNH:0
DA:1,2
DA:2,2
DA:3,2
LF:3
LH:3
BRDA:3,0,0,2
BRDA:3,0,1,2
BRF:2
BRH:2
end_of_record
TN:
SF:src\controllers\adminController.ts
FN:8,(anonymous_7)
FN:8,(anonymous_8)
FN:36,(anonymous_9)
FN:36,(anonymous_10)
FN:55,(anonymous_11)
FN:55,(anonymous_12)
FNF:6
FNH:6
FNDA:2,(anonymous_7)
FNDA:2,(anonymous_8)
FNDA:5,(anonymous_9)
FNDA:5,(anonymous_10)
FNDA:1,(anonymous_11)
FNDA:1,(anonymous_12)
DA:2,2
DA:3,2
DA:5,2
DA:8,2
DA:9,2
DA:10,2
DA:11,2
DA:12,1
DA:16,1
DA:17,1
DA:18,1
DA:20,1
DA:28,1
DA:36,5
DA:37,5
DA:38,5
DA:39,5
DA:40,5
DA:41,2
DA:44,3
DA:45,2
DA:46,0
DA:48,2
DA:49,2
DA:51,1
DA:55,2
DA:57,1
DA:58,1
DA:59,1
DA:60,0
DA:62,1
DA:64,0
LF:32
LH:29
BRDA:11,0,0,1
BRDA:40,1,0,2
BRDA:45,2,0,0
BRDA:59,3,0,0
BRF:4
BRH:2
end_of_record
TN:
SF:src\controllers\blogController.ts
FN:10,isObjectId
FN:14,(anonymous_9)
FN:14,(anonymous_10)
FN:31,(anonymous_11)
FN:31,(anonymous_12)
FN:58,(anonymous_13)
FN:58,(anonymous_14)
FN:68,(anonymous_15)
FN:68,(anonymous_16)
FN:97,(anonymous_17)
FN:97,(anonymous_18)
FN:120,(anonymous_19)
FN:120,(anonymous_20)
FN:141,(anonymous_21)
FN:141,(anonymous_22)
FN:164,(anonymous_23)
FN:164,(anonymous_24)
FNF:17
FNH:15
FNDA:6,isObjectId
FNDA:2,(anonymous_9)
FNDA:2,(anonymous_10)
FNDA:3,(anonymous_11)
FNDA:3,(anonymous_12)
FNDA:2,(anonymous_13)
FNDA:2,(anonymous_14)
FNDA:3,(anonymous_15)
FNDA:3,(anonymous_16)
FNDA:2,(anonymous_17)
FNDA:2,(anonymous_18)
FNDA:1,(anonymous_19)
FNDA:1,(anonymous_20)
FNDA:2,(anonymous_21)
FNDA:2,(anonymous_22)
FNDA:0,(anonymous_23)
FNDA:0,(anonymous_24)
DA:1,2
DA:3,2
DA:5,2
DA:6,2
DA:7,2
DA:11,6
DA:14,2
DA:15,2
DA:16,2
DA:17,2
DA:18,1
DA:20,1
DA:21,0
DA:23,1
DA:25,1
DA:28,1
DA:31,3
DA:32,3
DA:33,3
DA:34,1
DA:35,1
DA:36,1
DA:37,0
DA:40,1
DA:41,1
DA:46,1
DA:48,0
DA:51,2
DA:52,2
DA:55,2
DA:56,0
DA:58,2
DA:59,2
DA:60,2
DA:62,2
DA:64,0
DA:68,3
DA:69,3
DA:71,3
DA:72,0
DA:75,3
DA:76,3
DA:77,3
DA:78,1
DA:81,2
DA:82,2
DA:83,2
DA:84,2
DA:86,2
DA:87,0
DA:88,0
DA:90,2
DA:91,2
DA:93,0
DA:97,2
DA:98,2
DA:101,2
DA:102,1
DA:105,1
DA:106,1
DA:107,0
DA:110,1
DA:111,1
DA:113,1
DA:114,1
DA:116,0
DA:120,2
DA:121,1
DA:123,1
DA:124,0
DA:127,1
DA:128,1
DA:129,1
DA:130,0
DA:132,1
DA:136,0
DA:141,2
DA:142,2
DA:143,2
DA:144,2
DA:146,2
DA:147,2
DA:148,1
DA:150,1
DA:155,1
DA:156,1
DA:157,1
DA:159,0
DA:160,0
DA:164,2
DA:165,0
DA:166,0
DA:167,0
DA:168,0
DA:169,0
DA:171,0
DA:172,0
LF:97
LH:74
BRDA:17,0,0,1
BRDA:20,1,0,0
BRDA:33,2,0,1
BRDA:36,3,0,0
BRDA:55,4,0,0
BRDA:71,5,0,0
BRDA:71,6,0,3
BRDA:71,6,1,3
BRDA:77,7,0,1
BRDA:82,8,0,1
BRDA:83,9,0,2
BRDA:84,10,0,0
BRDA:86,11,0,0
BRDA:101,12,0,1
BRDA:101,13,0,2
BRDA:101,13,1,2
BRDA:106,14,0,0
BRDA:123,15,0,0
BRDA:123,16,0,1
BRDA:123,16,1,1
BRDA:129,17,0,0
BRDA:147,18,0,1
BRF:22
BRH:13
end_of_record
TN:
SF:src\models\Admin.ts
FNF:0
FNH:0
DA:1,2
DA:11,2
DA:34,2
LF:3
LH:3
BRF:0
BRH:0
end_of_record
TN:
SF:src\models\Blog.ts
FNF:0
FNH:0
DA:2,2
DA:12,2
DA:20,2
LF:3
LH:3
BRF:0
BRH:0
end_of_record
TN:
SF:src\models\Comment.ts
FNF:0
FNH:0
DA:2,2
DA:10,2
DA:16,2
LF:3
LH:3
BRF:0
BRH:0
end_of_record
TN:
SF:src\routes\adminRoutes.ts
FNF:0
FNH:0
DA:1,2
DA:2,2
DA:3,2
DA:4,2
DA:5,2
DA:6,2
DA:7,2
DA:8,2
DA:9,2
DA:10,2
LF:10
LH:10
BRF:0
BRH:0
end_of_record
TN:
SF:src\routes\blogRoutes.ts
FNF:0
FNH:0
DA:1,2
DA:2,2
DA:3,2
DA:4,2
DA:5,2
DA:7,2
DA:8,2
DA:9,2
DA:10,2
DA:11,2
DA:12,2
DA:13,2
DA:15,2
DA:16,2
DA:17,2
DA:18,0
DA:22,2
LF:17
LH:16
BRDA:17,0,0,0
BRF:1
BRH:0
end_of_record
TN:
SF:src\routes\index.ts
FNF:0
FNH:0
DA:1,2
DA:2,2
LF:2
LH:2
BRF:0
BRH:0
end_of_record
TN:
SF:src\services\Database.ts
FN:3,(anonymous_8)
FN:3,(anonymous_9)
FN:5,(anonymous_10)
FN:7,(anonymous_11)
FNF:4
FNH:3
FNDA:2,(anonymous_8)
FNDA:2,(anonymous_9)
FNDA:2,(anonymous_10)
FNDA:0,(anonymous_11)
DA:2,2
DA:3,2
DA:4,2
DA:5,2
DA:6,2
DA:7,0
DA:10,0
LF:7
LH:5
BRDA:5,0,0,2
BRDA:5,0,1,2
BRF:2
BRH:2
end_of_record
TN:
SF:src\utility\Authentication.ts
FN:8,(anonymous_1)
FN:21,(anonymous_2)
FNF:2
FNH:1
FNDA:2,(anonymous_1)
FNDA:0,(anonymous_2)
DA:1,2
DA:8,2
DA:9,2
DA:10,2
DA:18,2
DA:21,2
DA:22,0
DA:23,0
DA:24,0
DA:26,0
DA:27,0
LF:11
LH:6
BRF:0
BRH:0
end_of_record
TN:
SF:src\utility\VerifyToken.ts
FN:19,(anonymous_8)
FN:19,(anonymous_9)
FNF:2
FNH:2
FNDA:30,(anonymous_8)
FNDA:30,(anonymous_9)
DA:1,2
DA:19,30
DA:20,30
DA:22,30
DA:26,30
DA:27,3
DA:30,27
DA:31,27
DA:33,26
DA:38,26
DA:39,26
DA:41,1
DA:42,0
DA:44,1
DA:48,0
DA:52,2
LF:16
LH:14
BRDA:22,0,0,30
BRDA:22,0,1,30
BRDA:22,0,2,27
BRDA:26,1,0,3
BRDA:41,2,0,0
BRDA:41,2,1,1
BRF:6
BRH:5
end_of_record
TN:
SF:src\utility\cloudinary.ts
FN:12,(anonymous_8)
FN:12,(anonymous_9)
FNF:2
FNH:2
FNDA:1,(anonymous_8)
FNDA:1,(anonymous_9)
DA:1,2
DA:2,2
DA:5,2
DA:7,2
DA:12,2
DA:13,1
DA:14,1
DA:15,1
DA:17,0
DA:21,2
LF:10
LH:9
BRF:0
BRH:0
end_of_record
TN:
SF:src\utility\multer.ts
FN:5,(anonymous_1)
FNF:1
FNH:1
FNDA:2,(anonymous_1)
DA:2,2
DA:4,2
DA:6,2
DA:9,2
DA:11,2
LF:5
LH:5
BRF:0
BRH:0
end_of_record
TN:
SF:src\utility\passwordUtility.ts
FN:7,(anonymous_8)
FN:7,(anonymous_9)
FN:11,(anonymous_10)
FN:11,(anonymous_11)
FN:15,(anonymous_12)
FN:15,(anonymous_13)
FN:19,(anonymous_14)
FN:23,(anonymous_15)
FN:23,(anonymous_16)
FNF:9
FNH:6
FNDA:1,(anonymous_8)
FNDA:1,(anonymous_9)
FNDA:2,(anonymous_10)
FNDA:2,(anonymous_11)
FNDA:0,(anonymous_12)
FNDA:0,(anonymous_13)
FNDA:0,(anonymous_14)
FNDA:3,(anonymous_15)
FNDA:3,(anonymous_16)
DA:1,2
DA:3,2
DA:4,2
DA:7,2
DA:8,1
DA:11,2
DA:12,2
DA:15,2
DA:16,0
DA:19,2
DA:20,0
DA:23,3
DA:24,3
DA:25,3
DA:27,1
DA:28,1
LF:16
LH:14
BRF:0
BRH:0
end_of_record
TN:
SF:src\validations\BlogValidation.ts
FN:10,(anonymous_1)
FN:26,(anonymous_2)
FNF:2
FNH:2
FNDA:3,(anonymous_1)
FNDA:3,(anonymous_2)
DA:2,2
DA:4,2
DA:10,2
DA:11,3
DA:12,2
DA:14,3
DA:15,3
DA:17,1
DA:19,2
DA:21,2
DA:26,2
DA:28,3
DA:29,3
DA:31,1
DA:34,2
LF:15
LH:15
BRDA:11,0,0,2
BRDA:15,1,0,1
BRDA:29,2,0,1
BRF:3
BRH:3
end_of_record
TN:
SF:src\validations\adminValidations.ts
FN:11,(anonymous_1)
FN:16,(anonymous_2)
FNF:2
FNH:2
FNDA:4,(anonymous_1)
FNDA:6,(anonymous_2)
DA:2,2
DA:4,2
DA:11,2
DA:12,4
DA:14,4
DA:16,6
DA:18,2
LF:7
LH:7
BRDA:14,0,0,2
BRF:1
BRH:1
end_of_record
