TN:
SF:src\index.ts
FN:21,(anonymous_1)
FN:26,(anonymous_2)
FN:29,(anonymous_3)
FNF:3
FNH:1
FNDA:0,(anonymous_1)
FNDA:0,(anonymous_2)
FNDA:2,(anonymous_3)
DA:2,2
DA:3,2
DA:4,2
DA:5,2
DA:6,2
DA:7,2
DA:8,2
DA:9,2
DA:10,2
DA:12,2
DA:13,2
DA:14,2
DA:15,2
DA:16,2
DA:17,2
DA:18,2
DA:19,2
DA:21,2
DA:22,0
DA:23,0
DA:26,2
DA:27,0
DA:29,2
DA:30,2
LF:24
LH:21
BRF:0
BRH:0
end_of_record
TN:
SF:src\configs\index.ts
FNF:0
FNH:0
DA:1,2
DA:2,2
DA:3,2
LF:3
LH:3
BRDA:3,0,0,2
BRDA:3,0,1,2
BRF:2
BRH:2
end_of_record
TN:
SF:src\controllers\adminController.ts
FN:8,(anonymous_7)
FN:8,(anonymous_8)
FN:36,(anonymous_9)
FN:36,(anonymous_10)
FN:55,(anonymous_11)
FN:55,(anonymous_12)
FNF:6
FNH:6
FNDA:1,(anonymous_7)
FNDA:1,(anonymous_8)
FNDA:2,(anonymous_9)
FNDA:2,(anonymous_10)
FNDA:1,(anonymous_11)
FNDA:1,(anonymous_12)
DA:2,2
DA:3,2
DA:5,2
DA:8,2
DA:9,1
DA:10,1
DA:11,1
DA:12,0
DA:16,1
DA:17,1
DA:18,1
DA:20,1
DA:28,1
DA:36,2
DA:37,2
DA:38,2
DA:39,2
DA:40,2
DA:41,0
DA:44,2
DA:45,2
DA:46,0
DA:48,2
DA:49,2
DA:51,0
DA:55,2
DA:57,1
DA:58,1
DA:59,1
DA:60,0
DA:62,1
DA:64,0
LF:32
LH:26
BRDA:11,0,0,0
BRDA:40,1,0,0
BRDA:45,2,0,0
BRDA:59,3,0,0
BRF:4
BRH:0
end_of_record
TN:
SF:src\controllers\blogController.ts
FN:8,(anonymous_8)
FN:8,(anonymous_9)
FN:25,(anonymous_10)
FN:25,(anonymous_11)
FN:52,(anonymous_12)
FN:52,(anonymous_13)
FN:62,(anonymous_14)
FN:62,(anonymous_15)
FN:86,(anonymous_16)
FN:86,(anonymous_17)
FN:103,(anonymous_18)
FN:103,(anonymous_19)
FN:119,(anonymous_20)
FN:119,(anonymous_21)
FNF:14
FNH:14
FNDA:1,(anonymous_8)
FNDA:1,(anonymous_9)
FNDA:2,(anonymous_10)
FNDA:2,(anonymous_11)
FNDA:1,(anonymous_12)
FNDA:1,(anonymous_13)
FNDA:1,(anonymous_14)
FNDA:1,(anonymous_15)
FNDA:1,(anonymous_16)
FNDA:1,(anonymous_17)
FNDA:1,(anonymous_18)
FNDA:1,(anonymous_19)
FNDA:1,(anonymous_20)
FNDA:1,(anonymous_21)
DA:2,2
DA:4,2
DA:5,2
DA:8,2
DA:9,1
DA:10,1
DA:11,1
DA:12,0
DA:14,1
DA:15,1
DA:17,0
DA:19,0
DA:22,0
DA:25,2
DA:26,2
DA:27,2
DA:28,1
DA:29,1
DA:30,1
DA:31,0
DA:34,1
DA:35,1
DA:40,1
DA:42,0
DA:45,1
DA:46,1
DA:49,1
DA:50,0
DA:52,1
DA:53,1
DA:54,1
DA:56,1
DA:58,0
DA:62,2
DA:63,1
DA:64,1
DA:65,1
DA:66,1
DA:67,0
DA:70,1
DA:71,1
DA:72,1
DA:73,1
DA:75,1
DA:76,0
DA:77,0
DA:79,1
DA:80,1
DA:82,0
DA:86,2
DA:87,1
DA:88,1
DA:89,1
DA:90,0
DA:93,1
DA:94,1
DA:96,1
DA:97,1
DA:99,0
DA:103,2
DA:104,1
DA:105,1
DA:106,1
DA:107,1
DA:108,0
DA:110,1
DA:114,0
DA:119,2
DA:120,1
DA:121,1
DA:122,1
DA:124,1
DA:125,1
DA:126,0
DA:128,1
DA:133,1
DA:134,1
DA:135,1
DA:137,0
DA:138,0
LF:80
LH:61
BRDA:11,0,0,0
BRDA:14,1,0,1
BRDA:27,2,0,1
BRDA:30,3,0,0
BRDA:49,4,0,0
BRDA:66,5,0,0
BRDA:71,6,0,1
BRDA:72,7,0,1
BRDA:73,8,0,0
BRDA:75,9,0,0
BRDA:89,10,0,0
BRDA:107,11,0,0
BRDA:125,12,0,0
BRF:13
BRH:4
end_of_record
TN:
SF:src\models\Admin.ts
FNF:0
FNH:0
DA:1,2
DA:11,2
DA:34,2
LF:3
LH:3
BRF:0
BRH:0
end_of_record
TN:
SF:src\models\Blog.ts
FNF:0
FNH:0
DA:2,2
DA:12,2
DA:20,2
LF:3
LH:3
BRF:0
BRH:0
end_of_record
TN:
SF:src\models\Comment.ts
FNF:0
FNH:0
DA:2,2
DA:10,2
DA:16,2
LF:3
LH:3
BRF:0
BRH:0
end_of_record
TN:
SF:src\routes\adminRoutes.ts
FNF:0
FNH:0
DA:1,2
DA:2,2
DA:3,2
DA:4,2
DA:5,2
DA:6,2
DA:7,2
DA:8,2
DA:9,2
DA:10,2
LF:10
LH:10
BRF:0
BRH:0
end_of_record
TN:
SF:src\routes\blogRoutes.ts
FNF:0
FNH:0
DA:1,2
DA:2,2
DA:3,2
DA:4,2
DA:5,2
DA:7,2
DA:8,2
DA:9,2
DA:10,2
DA:11,2
DA:12,2
DA:13,2
DA:15,2
DA:16,2
DA:19,2
LF:15
LH:15
BRF:0
BRH:0
end_of_record
TN:
SF:src\routes\index.ts
FNF:0
FNH:0
DA:1,2
DA:2,2
LF:2
LH:2
BRF:0
BRH:0
end_of_record
TN:
SF:src\services\Database.ts
FN:3,(anonymous_8)
FN:3,(anonymous_9)
FN:5,(anonymous_10)
FN:7,(anonymous_11)
FNF:4
FNH:3
FNDA:2,(anonymous_8)
FNDA:2,(anonymous_9)
FNDA:2,(anonymous_10)
FNDA:0,(anonymous_11)
DA:2,2
DA:3,2
DA:4,2
DA:5,2
DA:6,2
DA:7,0
DA:10,0
LF:7
LH:5
BRDA:5,0,0,2
BRDA:5,0,1,2
BRF:2
BRH:2
end_of_record
TN:
SF:src\utility\Authentication.ts
FN:8,(anonymous_1)
FN:21,(anonymous_2)
FNF:2
FNH:1
FNDA:2,(anonymous_1)
FNDA:0,(anonymous_2)
DA:1,2
DA:8,2
DA:9,2
DA:10,2
DA:18,2
DA:21,2
DA:22,0
DA:23,0
DA:24,0
DA:26,0
DA:27,0
LF:11
LH:6
BRF:0
BRH:0
end_of_record
TN:
SF:src\utility\VerifyToken.ts
FN:19,(anonymous_8)
FN:19,(anonymous_9)
FNF:2
FNH:2
FNDA:8,(anonymous_8)
FNDA:8,(anonymous_9)
DA:1,2
DA:19,8
DA:20,8
DA:22,8
DA:26,8
DA:27,0
DA:30,8
DA:31,8
DA:33,8
DA:38,8
DA:39,8
DA:41,0
DA:42,0
DA:44,0
DA:48,0
DA:52,2
LF:16
LH:11
BRDA:22,0,0,8
BRDA:22,0,1,8
BRDA:22,0,2,8
BRDA:26,1,0,0
BRDA:41,2,0,0
BRDA:41,2,1,0
BRF:6
BRH:3
end_of_record
TN:
SF:src\utility\cloudinary.ts
FN:12,(anonymous_8)
FN:12,(anonymous_9)
FNF:2
FNH:0
FNDA:0,(anonymous_8)
FNDA:0,(anonymous_9)
DA:1,2
DA:2,2
DA:5,2
DA:7,2
DA:12,2
DA:13,0
DA:14,0
DA:15,0
DA:17,0
DA:21,2
LF:10
LH:6
BRF:0
BRH:0
end_of_record
TN:
SF:src\utility\multer.ts
FN:5,(anonymous_1)
FNF:1
FNH:0
FNDA:0,(anonymous_1)
DA:2,2
DA:4,2
DA:6,0
DA:9,2
DA:11,2
LF:5
LH:4
BRF:0
BRH:0
end_of_record
TN:
SF:src\utility\passwordUtility.ts
FN:7,(anonymous_8)
FN:7,(anonymous_9)
FN:11,(anonymous_10)
FN:11,(anonymous_11)
FN:15,(anonymous_12)
FN:15,(anonymous_13)
FN:19,(anonymous_14)
FN:23,(anonymous_15)
FN:23,(anonymous_16)
FNF:9
FNH:6
FNDA:1,(anonymous_8)
FNDA:1,(anonymous_9)
FNDA:2,(anonymous_10)
FNDA:2,(anonymous_11)
FNDA:0,(anonymous_12)
FNDA:0,(anonymous_13)
FNDA:0,(anonymous_14)
FNDA:2,(anonymous_15)
FNDA:2,(anonymous_16)
DA:1,2
DA:3,2
DA:4,2
DA:7,2
DA:8,1
DA:11,2
DA:12,2
DA:15,2
DA:16,0
DA:19,2
DA:20,0
DA:23,2
DA:24,2
DA:25,2
DA:27,0
DA:28,0
LF:16
LH:12
BRF:0
BRH:0
end_of_record
TN:
SF:src\validations\BlogValidation.ts
FN:10,(anonymous_1)
FN:26,(anonymous_2)
FNF:2
FNH:2
FNDA:1,(anonymous_1)
FNDA:1,(anonymous_2)
DA:2,2
DA:4,2
DA:10,2
DA:11,1
DA:12,0
DA:14,1
DA:15,1
DA:17,0
DA:19,1
DA:21,2
DA:26,2
DA:28,1
DA:29,1
DA:31,0
DA:34,1
LF:15
LH:12
BRDA:11,0,0,0
BRDA:15,1,0,0
BRDA:29,2,0,0
BRF:3
BRH:0
end_of_record
TN:
SF:src\validations\adminValidations.ts
FN:11,(anonymous_1)
FN:16,(anonymous_2)
FNF:2
FNH:1
FNDA:1,(anonymous_1)
FNDA:0,(anonymous_2)
DA:2,2
DA:4,2
DA:11,2
DA:12,1
DA:14,1
DA:16,0
DA:18,1
LF:7
LH:6
BRDA:14,0,0,0
BRF:1
BRH:0
end_of_record
